

Started GET "/" for ::1 at 2015-03-05 13:58:53 -0700
  [1m[36mActiveRecord::SchemaMigration Load (0.4ms)[0m  [1mSELECT "schema_migrations".* FROM "schema_migrations"[0m
Processing by WelcomeController#index as HTML
  Rendered welcome/index.html.haml within layouts/application (15.4ms)
Completed 200 OK in 96ms (Views: 96.2ms | ActiveRecord: 0.0ms)


Started GET "/assets/application-517cbb7f7d3a68a920fb980d1793b5ec.js?body=1" for ::1 at 2015-03-05 13:58:54 -0700


Started GET "/assets/jquery-87424c3c19e96d4fb033c10ebe21ec40.js?body=1" for ::1 at 2015-03-05 13:58:54 -0700


Started GET "/assets/jquery_ujs-e27bd20a10d28155845a22d71ef94f2f.js?body=1" for ::1 at 2015-03-05 13:58:54 -0700


Started GET "/assets/gcamp_index_1-42681a59210ae4498e13d92b51f0bc91.jpg" for ::1 at 2015-03-05 13:58:54 -0700


Started GET "/assets/application-0b8a7c321dc9dfd58e49a9aef6a27d8e.css?body=1" for ::1 at 2015-03-05 13:58:54 -0700


Started GET "/assets/gcamp_index_2-b3e6093502ae28d398217b6b468d43f0.jpg" for ::1 at 2015-03-05 13:58:54 -0700


Started GET "/assets/gcamp_index_3-0678c5e6c82af4617e22564d6c96f67c.jpg" for ::1 at 2015-03-05 13:58:54 -0700


Started GET "/assets/twitter-8d17e7d8d267de8034c3b20dd7e5c896.png" for ::1 at 2015-03-05 13:58:54 -0700


Started GET "/assets/linked_in-be26cb29c0af42ae74d63ed9f74ee14f.jpg" for ::1 at 2015-03-05 13:58:54 -0700


Started GET "/assets/git_hub-a9db4efaf5c8a481786e2c52c5706f23.png" for ::1 at 2015-03-05 13:58:54 -0700


Started GET "/assets/galvanize-b3164dc34b8f34c4324df34cf998824a.png" for ::1 at 2015-03-05 13:58:54 -0700


Started GET "/sign-in" for ::1 at 2015-03-05 13:59:00 -0700
Processing by AuthenticationController#new as HTML
  Rendered authentication/new.html.erb within layouts/application (6.3ms)
Completed 200 OK in 63ms (Views: 47.0ms | ActiveRecord: 5.8ms)


Started GET "/assets/jquery-87424c3c19e96d4fb033c10ebe21ec40.js?body=1" for ::1 at 2015-03-05 13:59:00 -0700


Started GET "/assets/jquery_ujs-e27bd20a10d28155845a22d71ef94f2f.js?body=1" for ::1 at 2015-03-05 13:59:00 -0700


Started GET "/assets/application-0b8a7c321dc9dfd58e49a9aef6a27d8e.css?body=1" for ::1 at 2015-03-05 13:59:00 -0700


Started GET "/assets/linked_in-be26cb29c0af42ae74d63ed9f74ee14f.jpg" for ::1 at 2015-03-05 13:59:00 -0700


Started GET "/assets/application-517cbb7f7d3a68a920fb980d1793b5ec.js?body=1" for ::1 at 2015-03-05 13:59:00 -0700


Started GET "/assets/git_hub-a9db4efaf5c8a481786e2c52c5706f23.png" for ::1 at 2015-03-05 13:59:00 -0700


Started GET "/assets/galvanize-b3164dc34b8f34c4324df34cf998824a.png" for ::1 at 2015-03-05 13:59:00 -0700


Started GET "/assets/twitter-8d17e7d8d267de8034c3b20dd7e5c896.png" for ::1 at 2015-03-05 13:59:00 -0700


Started GET "/sign-up" for ::1 at 2015-03-05 13:59:02 -0700
Processing by RegistrationsController#new as HTML
  Rendered registrations/new.html.erb within layouts/application (17.1ms)
Completed 200 OK in 57ms (Views: 56.9ms | ActiveRecord: 0.0ms)


Started GET "/assets/jquery_ujs-e27bd20a10d28155845a22d71ef94f2f.js?body=1" for ::1 at 2015-03-05 13:59:02 -0700


Started GET "/assets/application-517cbb7f7d3a68a920fb980d1793b5ec.js?body=1" for ::1 at 2015-03-05 13:59:02 -0700


Started GET "/assets/jquery-87424c3c19e96d4fb033c10ebe21ec40.js?body=1" for ::1 at 2015-03-05 13:59:02 -0700


Started GET "/assets/linked_in-be26cb29c0af42ae74d63ed9f74ee14f.jpg" for ::1 at 2015-03-05 13:59:02 -0700


Started GET "/assets/application-0b8a7c321dc9dfd58e49a9aef6a27d8e.css?body=1" for ::1 at 2015-03-05 13:59:02 -0700


Started GET "/assets/git_hub-a9db4efaf5c8a481786e2c52c5706f23.png" for ::1 at 2015-03-05 13:59:02 -0700


Started GET "/assets/twitter-8d17e7d8d267de8034c3b20dd7e5c896.png" for ::1 at 2015-03-05 13:59:02 -0700


Started GET "/assets/galvanize-b3164dc34b8f34c4324df34cf998824a.png" for ::1 at 2015-03-05 13:59:02 -0700


Started POST "/sign-up" for ::1 at 2015-03-05 13:59:10 -0700
Processing by RegistrationsController#create as HTML
  Parameters: {"utf8"=>"✓", "authenticity_token"=>"1gnLArYo/xY+DEv58+8VH0QVgKLwrStynpCwU97NL2zHBSUTUi4NN37gmABG+K68X7mcIzxKpp+aFmDwUqc9cw==", "user"=>{"first_name"=>"joe ", "last_name"=>"schmo", "email"=>"joeguy@yahoo.com", "password"=>"[FILTERED]", "password_confirmation"=>"[FILTERED]"}, "commit"=>"Sign Up"}
  [1m[35m (0.2ms)[0m  BEGIN
  [1m[36mUser Exists (0.6ms)[0m  [1mSELECT  1 AS one FROM "users" WHERE "users"."email" = 'joeguy@yahoo.com' LIMIT 1[0m
  [1m[35mSQL (0.3ms)[0m  INSERT INTO "users" ("first_name", "last_name", "email", "password_digest", "created_at", "updated_at") VALUES ($1, $2, $3, $4, $5, $6) RETURNING "id"  [["first_name", "joe "], ["last_name", "schmo"], ["email", "joeguy@yahoo.com"], ["password_digest", "$2a$10$vtN.HMeZ0wKgix2u2ux.lOz2yGrC8lC0hNzx.j7NqvbAPqdWiS19C"], ["created_at", "2015-03-05 20:59:10.544474"], ["updated_at", "2015-03-05 20:59:10.544474"]]
  [1m[36m (6.4ms)[0m  [1mCOMMIT[0m
Redirected to http://localhost:3000/
Completed 302 Found in 105ms (ActiveRecord: 7.6ms)


Started GET "/" for ::1 at 2015-03-05 13:59:10 -0700
Processing by WelcomeController#index as HTML
  Rendered welcome/index.html.haml within layouts/application (5.7ms)
  [1m[35mUser Load (0.3ms)[0m  SELECT  "users".* FROM "users" WHERE "users"."id" = $1 LIMIT 1  [["id", 47]]
  [1m[36mCACHE (0.0ms)[0m  [1mSELECT  "users".* FROM "users" WHERE "users"."id" = $1 LIMIT 1[0m  [["id", 47]]
  [1m[35mCACHE (0.0ms)[0m  SELECT  "users".* FROM "users" WHERE "users"."id" = $1 LIMIT 1  [["id", 47]]
  [1m[36mCACHE (0.0ms)[0m  [1mSELECT  "users".* FROM "users" WHERE "users"."id" = $1 LIMIT 1[0m  [["id", 47]]
Completed 200 OK in 70ms (Views: 69.6ms | ActiveRecord: 0.3ms)


Started GET "/assets/jquery_ujs-e27bd20a10d28155845a22d71ef94f2f.js?body=1" for ::1 at 2015-03-05 13:59:10 -0700


Started GET "/assets/jquery-87424c3c19e96d4fb033c10ebe21ec40.js?body=1" for ::1 at 2015-03-05 13:59:10 -0700


Started GET "/assets/application-0b8a7c321dc9dfd58e49a9aef6a27d8e.css?body=1" for ::1 at 2015-03-05 13:59:10 -0700


Started GET "/assets/application-517cbb7f7d3a68a920fb980d1793b5ec.js?body=1" for ::1 at 2015-03-05 13:59:10 -0700


Started GET "/assets/gcamp_index_1-42681a59210ae4498e13d92b51f0bc91.jpg" for ::1 at 2015-03-05 13:59:10 -0700


Started GET "/assets/gcamp_index_3-0678c5e6c82af4617e22564d6c96f67c.jpg" for ::1 at 2015-03-05 13:59:10 -0700


Started GET "/assets/gcamp_index_2-b3e6093502ae28d398217b6b468d43f0.jpg" for ::1 at 2015-03-05 13:59:10 -0700


Started GET "/assets/git_hub-a9db4efaf5c8a481786e2c52c5706f23.png" for ::1 at 2015-03-05 13:59:10 -0700


Started GET "/assets/linked_in-be26cb29c0af42ae74d63ed9f74ee14f.jpg" for ::1 at 2015-03-05 13:59:10 -0700


Started GET "/assets/twitter-8d17e7d8d267de8034c3b20dd7e5c896.png" for ::1 at 2015-03-05 13:59:10 -0700


Started GET "/assets/galvanize-b3164dc34b8f34c4324df34cf998824a.png" for ::1 at 2015-03-05 13:59:10 -0700


Started GET "/projects" for ::1 at 2015-03-05 13:59:13 -0700
Processing by ProjectsController#index as HTML
  [1m[35mUser Load (0.3ms)[0m  SELECT  "users".* FROM "users" WHERE "users"."id" = $1 LIMIT 1  [["id", 47]]
  [1m[36mProject Load (0.4ms)[0m  [1mSELECT "projects".* FROM "projects"[0m
  Rendered projects/index.html.erb within layouts/application (7.5ms)
  [1m[35mCACHE (0.0ms)[0m  SELECT  "users".* FROM "users" WHERE "users"."id" = $1 LIMIT 1  [["id", 47]]
  [1m[36mCACHE (0.0ms)[0m  [1mSELECT  "users".* FROM "users" WHERE "users"."id" = $1 LIMIT 1[0m  [["id", 47]]
  [1m[35mCACHE (0.0ms)[0m  SELECT  "users".* FROM "users" WHERE "users"."id" = $1 LIMIT 1  [["id", 47]]
  [1m[36mCACHE (0.0ms)[0m  [1mSELECT  "users".* FROM "users" WHERE "users"."id" = $1 LIMIT 1[0m  [["id", 47]]
Completed 200 OK in 59ms (Views: 55.3ms | ActiveRecord: 1.6ms)


Started GET "/assets/application-0b8a7c321dc9dfd58e49a9aef6a27d8e.css?body=1" for ::1 at 2015-03-05 13:59:13 -0700


Started GET "/assets/jquery-87424c3c19e96d4fb033c10ebe21ec40.js?body=1" for ::1 at 2015-03-05 13:59:13 -0700


Started GET "/assets/jquery_ujs-e27bd20a10d28155845a22d71ef94f2f.js?body=1" for ::1 at 2015-03-05 13:59:13 -0700


Started GET "/assets/application-517cbb7f7d3a68a920fb980d1793b5ec.js?body=1" for ::1 at 2015-03-05 13:59:13 -0700


Started GET "/assets/linked_in-be26cb29c0af42ae74d63ed9f74ee14f.jpg" for ::1 at 2015-03-05 13:59:13 -0700


Started GET "/assets/twitter-8d17e7d8d267de8034c3b20dd7e5c896.png" for ::1 at 2015-03-05 13:59:13 -0700


Started GET "/assets/git_hub-a9db4efaf5c8a481786e2c52c5706f23.png" for ::1 at 2015-03-05 13:59:13 -0700


Started GET "/assets/galvanize-b3164dc34b8f34c4324df34cf998824a.png" for ::1 at 2015-03-05 13:59:13 -0700


Started GET "/users" for ::1 at 2015-03-05 13:59:15 -0700
Processing by UsersController#index as HTML
  [1m[35mUser Load (0.4ms)[0m  SELECT  "users".* FROM "users" WHERE "users"."id" = $1 LIMIT 1  [["id", 47]]
  [1m[36mUser Load (0.2ms)[0m  [1mSELECT "users".* FROM "users"[0m
  Rendered users/index.html.erb within layouts/application (2.7ms)
  [1m[35mCACHE (0.0ms)[0m  SELECT  "users".* FROM "users" WHERE "users"."id" = $1 LIMIT 1  [["id", 47]]
  [1m[36mCACHE (0.0ms)[0m  [1mSELECT  "users".* FROM "users" WHERE "users"."id" = $1 LIMIT 1[0m  [["id", 47]]
  [1m[35mCACHE (0.0ms)[0m  SELECT  "users".* FROM "users" WHERE "users"."id" = $1 LIMIT 1  [["id", 47]]
  [1m[36mCACHE (0.0ms)[0m  [1mSELECT  "users".* FROM "users" WHERE "users"."id" = $1 LIMIT 1[0m  [["id", 47]]
Completed 200 OK in 46ms (Views: 43.1ms | ActiveRecord: 0.7ms)


Started GET "/assets/application-0b8a7c321dc9dfd58e49a9aef6a27d8e.css?body=1" for ::1 at 2015-03-05 13:59:15 -0700


Started GET "/assets/jquery-87424c3c19e96d4fb033c10ebe21ec40.js?body=1" for ::1 at 2015-03-05 13:59:15 -0700


Started GET "/assets/linked_in-be26cb29c0af42ae74d63ed9f74ee14f.jpg" for ::1 at 2015-03-05 13:59:15 -0700


Started GET "/assets/jquery_ujs-e27bd20a10d28155845a22d71ef94f2f.js?body=1" for ::1 at 2015-03-05 13:59:15 -0700


Started GET "/assets/application-517cbb7f7d3a68a920fb980d1793b5ec.js?body=1" for ::1 at 2015-03-05 13:59:15 -0700


Started GET "/assets/git_hub-a9db4efaf5c8a481786e2c52c5706f23.png" for ::1 at 2015-03-05 13:59:15 -0700


Started GET "/assets/twitter-8d17e7d8d267de8034c3b20dd7e5c896.png" for ::1 at 2015-03-05 13:59:15 -0700


Started GET "/assets/galvanize-b3164dc34b8f34c4324df34cf998824a.png" for ::1 at 2015-03-05 13:59:15 -0700
